[debug] [2022-04-10T06:34:57.922Z] ----------------------------------------------------------------------
[debug] [2022-04-10T06:34:57.927Z] Command:       C:\Program Files\nodejs\node.exe C:\Users\CODEXPLORER\AppData\Roaming\npm\node_modules\firebase-tools\lib\bin\firebase.js init
[debug] [2022-04-10T06:34:57.928Z] CLI Version:   10.6.0
[debug] [2022-04-10T06:34:57.928Z] Platform:      win32
[debug] [2022-04-10T06:34:57.928Z] Node Version:  v16.13.2
[debug] [2022-04-10T06:34:57.935Z] Time:          Sun Apr 10 2022 12:34:57 GMT+0600 (Bangladesh Standard Time)
[debug] [2022-04-10T06:34:57.936Z] ----------------------------------------------------------------------
[debug] 
[debug] [2022-04-10T06:34:57.966Z] > command requires scopes: ["email","openid","https://www.googleapis.com/auth/cloudplatformprojects.readonly","https://www.googleapis.com/auth/firebase","https://www.googleapis.com/auth/cloud-platform"]
[debug] [2022-04-10T06:34:57.967Z] > authorizing via signed-in user (niharmonirulislam@gmail.com)
[info] 
     ######## #### ########  ######## ########     ###     ######  ########
     ##        ##  ##     ## ##       ##     ##  ##   ##  ##       ##
     ######    ##  ########  ######   ########  #########  ######  ######
     ##        ##  ##    ##  ##       ##     ## ##     ##       ## ##
     ##       #### ##     ## ######## ########  ##     ##  ######  ########

You're about to initialize a Firebase project in this directory:

  C:\Backup\E Drive\projects\simple-ema-john-auth

Before we get started, keep in mind:

  * You are currently outside your home directory

[info] 
=== Project Setup
[info] 
[info] First, let's associate this project directory with a Firebase project.
[info] You can create multiple project aliases by running firebase use --add, 
[info] but for now we'll just set up a default project.
[info] 
[info] i  If you want to create a project in a Google Cloud organization or folder, please use "firebase projects:create" instead, and return to this command when you've created the project. 
[debug] [2022-04-10T06:36:26.560Z] ----------------------------------------------------------------------
[debug] [2022-04-10T06:36:26.564Z] Command:       C:\Program Files\nodejs\node.exe C:\Users\CODEXPLORER\AppData\Roaming\npm\node_modules\firebase-tools\lib\bin\firebase.js init
[debug] [2022-04-10T06:36:26.565Z] CLI Version:   10.6.0
[debug] [2022-04-10T06:36:26.565Z] Platform:      win32
[debug] [2022-04-10T06:36:26.565Z] Node Version:  v16.13.2
[debug] [2022-04-10T06:36:26.571Z] Time:          Sun Apr 10 2022 12:36:26 GMT+0600 (Bangladesh Standard Time)
[debug] [2022-04-10T06:36:26.572Z] ----------------------------------------------------------------------
[debug] 
[debug] [2022-04-10T06:36:26.601Z] > command requires scopes: ["email","openid","https://www.googleapis.com/auth/cloudplatformprojects.readonly","https://www.googleapis.com/auth/firebase","https://www.googleapis.com/auth/cloud-platform"]
[debug] [2022-04-10T06:36:26.602Z] > authorizing via signed-in user (niharmonirulislam@gmail.com)
[info] 
     ######## #### ########  ######## ########     ###     ######  ########
     ##        ##  ##     ## ##       ##     ##  ##   ##  ##       ##
     ######    ##  ########  ######   ########  #########  ######  ######
     ##        ##  ##    ##  ##       ##     ## ##     ##       ## ##
     ##       #### ##     ## ######## ########  ##     ##  ######  ########

You're about to initialize a Firebase project in this directory:

  C:\Backup\E Drive\projects\simple-ema-john-auth

Before we get started, keep in mind:

  * You are currently outside your home directory

[info] 
=== Project Setup
[info] 
[info] First, let's associate this project directory with a Firebase project.
[info] You can create multiple project aliases by running firebase use --add, 
[info] but for now we'll just set up a default project.
[info] 
[debug] [2022-04-10T06:37:09.034Z] Error: kill ENOSYS
    at process.kill (node:internal/process/per_thread:215:13)
    at process.listener (C:\Users\CODEXPLORER\AppData\Roaming\npm\node_modules\firebase-tools\node_modules\signal-exit\index.js:95:15)
    at process.emit (node:events:390:28)
[error] 
[error] Error: An unexpected error has occurred.
